# JRE version: Java(TM) SE Runtime Environment (8.0_151-b12) (build 1.8.0_151-b12)
# Java VM: Java HotSpot(TM) 64-Bit Server VM (25.151-b12 mixed mode linux-amd64 compressed oops)
Heap:
 PSYoungGen      total 230400K, used 16892K [0x00000000d7000000, 0x00000000e6200000, 0x0000000100000000)
  eden space 213504K, 0% used [0x00000000d7000000,0x00000000d7000000,0x00000000e4080000)
  from space 16896K, 99% used [0x00000000e4080000,0x00000000e50ff180,0x00000000e5100000)
  to   space 14336K, 0% used [0x00000000e5100000,0x00000000e5100000,0x00000000e5f00000)
 ParOldGen       total 86016K, used 26795K [0x0000000085000000, 0x000000008a400000, 0x00000000d7000000)
  object space 86016K, 31% used [0x0000000085000000,0x0000000086a2ade8,0x000000008a400000)
 Metaspace       used 50612K, capacity 51868K, committed 52184K, reserved 1093632K
  class space    used 6950K, capacity 7327K, committed 7424K, reserved 1048576K
GC Heap History (10 events):
Event: 6.409 GC heap after
Heap after GC invocations=4 (full 0):
 PSYoungGen      total 132096K, used 5108K [0x00000000d7000000, 0x00000000df600000, 0x0000000100000000)
  eden space 126976K, 0% used [0x00000000d7000000,0x00000000d7000000,0x00000000dec00000)
  from space 5120K, 99% used [0x00000000df100000,0x00000000df5fd020,0x00000000df600000)
  to   space 5120K, 0% used [0x00000000dec00000,0x00000000dec00000,0x00000000df100000)
 ParOldGen       total 84992K, used 8816K [0x0000000085000000, 0x000000008a300000, 0x00000000d7000000)
  object space 84992K, 10% used [0x0000000085000000,0x000000008589c228,0x000000008a300000)
 Metaspace       used 20835K, capacity 21116K, committed 21248K, reserved 1067008K
  class space    used 2874K, capacity 2965K, committed 3072K, reserved 1048576K
}
Event: 6.409 GC heap before
{Heap before GC invocations=5 (full 1):
 PSYoungGen      total 132096K, used 5108K [0x00000000d7000000, 0x00000000df600000, 0x0000000100000000)
  eden space 126976K, 0% used [0x00000000d7000000,0x00000000d7000000,0x00000000dec00000)
  from space 5120K, 99% used [0x00000000df100000,0x00000000df5fd020,0x00000000df600000)
  to   space 5120K, 0% used [0x00000000dec00000,0x00000000dec00000,0x00000000df100000)
 ParOldGen       total 84992K, used 8816K [0x0000000085000000, 0x000000008a300000, 0x00000000d7000000)
  object space 84992K, 10% used [0x0000000085000000,0x000000008589c228,0x000000008a300000)
 Metaspace       used 20835K, capacity 21116K, committed 21248K, reserved 1067008K
  class space    used 2874K, capacity 2965K, committed 3072K, reserved 1048576K
Event: 6.524 GC heap after
Heap after GC invocations=5 (full 1):
 PSYoungGen      total 132096K, used 0K [0x00000000d7000000, 0x00000000df600000, 0x0000000100000000)
  eden space 126976K, 0% used [0x00000000d7000000,0x00000000d7000000,0x00000000dec00000)
  from space 5120K, 0% used [0x00000000df100000,0x00000000df100000,0x00000000df600000)
  to   space 5120K, 0% used [0x00000000dec00000,0x00000000dec00000,0x00000000df100000)
 ParOldGen       total 60416K, used 13120K [0x0000000085000000, 0x0000000088b00000, 0x00000000d7000000)
  object space 60416K, 21% used [0x0000000085000000,0x0000000085cd00a8,0x0000000088b00000)
 Metaspace       used 20835K, capacity 21116K, committed 21248K, reserved 1067008K
  class space    used 2874K, capacity 2965K, committed 3072K, reserved 1048576K
}
Event: 9.905 GC heap before
{Heap before GC invocations=6 (full 1):
 PSYoungGen      total 132096K, used 126976K [0x00000000d7000000, 0x00000000df600000, 0x0000000100000000)
  eden space 126976K, 100% used [0x00000000d7000000,0x00000000dec00000,0x00000000dec00000)
  from space 5120K, 0% used [0x00000000df100000,0x00000000df100000,0x00000000df600000)
  to   space 5120K, 0% used [0x00000000dec00000,0x00000000dec00000,0x00000000df100000)
 ParOldGen       total 60416K, used 13120K [0x0000000085000000, 0x0000000088b00000, 0x00000000d7000000)
  object space 60416K, 21% used [0x0000000085000000,0x0000000085cd00a8,0x0000000088b00000)
 Metaspace       used 30877K, capacity 31398K, committed 31744K, reserved 1077248K
  class space    used 4270K, capacity 4516K, committed 4608K, reserved 1048576K
Event: 9.941 GC heap after
Heap after GC invocations=6 (full 1):
 PSYoungGen      total 132096K, used 5091K [0x00000000d7000000, 0x00000000e5f00000, 0x0000000100000000)
  eden space 126976K, 0% used [0x00000000d7000000,0x00000000d7000000,0x00000000dec00000)
  from space 5120K, 99% used [0x00000000dec00000,0x00000000df0f8fe0,0x00000000df100000)
  to   space 14336K, 0% used [0x00000000e5100000,0x00000000e5100000,0x00000000e5f00000)
 ParOldGen       total 60416K, used 19959K [0x0000000085000000, 0x0000000088b00000, 0x00000000d7000000)
  object space 60416K, 33% used [0x0000000085000000,0x000000008637dc78,0x0000000088b00000)
 Metaspace       used 30877K, capacity 31398K, committed 31744K, reserved 1077248K
  class space    used 4270K, capacity 4516K, committed 4608K, reserved 1048576K
}
Event: 11.594 GC heap before
{Heap before GC invocations=7 (full 1):
 PSYoungGen      total 132096K, used 98699K [0x00000000d7000000, 0x00000000e5f00000, 0x0000000100000000)
  eden space 126976K, 73% used [0x00000000d7000000,0x00000000dcb69d70,0x00000000dec00000)
  from space 5120K, 99% used [0x00000000dec00000,0x00000000df0f8fe0,0x00000000df100000)
  to   space 14336K, 0% used [0x00000000e5100000,0x00000000e5100000,0x00000000e5f00000)
 ParOldGen       total 60416K, used 19959K [0x0000000085000000, 0x0000000088b00000, 0x00000000d7000000)
  object space 60416K, 33% used [0x0000000085000000,0x000000008637dc78,0x0000000088b00000)
 Metaspace       used 34698K, capacity 35264K, committed 35416K, reserved 1079296K
  class space    used 4752K, capacity 4967K, committed 4992K, reserved 1048576K
Event: 11.645 GC heap after
Heap after GC invocations=7 (full 1):
 PSYoungGen      total 227840K, used 14308K [0x00000000d7000000, 0x00000000e6200000, 0x0000000100000000)
  eden space 213504K, 0% used [0x00000000d7000000,0x00000000d7000000,0x00000000e4080000)
  from space 14336K, 99% used [0x00000000e5100000,0x00000000e5ef9110,0x00000000e5f00000)
  to   space 16896K, 0% used [0x00000000e4080000,0x00000000e4080000,0x00000000e5100000)
 ParOldGen       total 60416K, used 20031K [0x0000000085000000, 0x0000000088b00000, 0x00000000d7000000)
  object space 60416K, 33% used [0x0000000085000000,0x000000008638fc88,0x0000000088b00000)
 Metaspace       used 34698K, capacity 35264K, committed 35416K, reserved 1079296K
  class space    used 4752K, capacity 4967K, committed 4992K, reserved 1048576K
}
Event: 11.645 GC heap before
{Heap before GC invocations=8 (full 2):
 PSYoungGen      total 227840K, used 14308K [0x00000000d7000000, 0x00000000e6200000, 0x0000000100000000)
  eden space 213504K, 0% used [0x00000000d7000000,0x00000000d7000000,0x00000000e4080000)
  from space 14336K, 99% used [0x00000000e5100000,0x00000000e5ef9110,0x00000000e5f00000)
  to   space 16896K, 0% used [0x00000000e4080000,0x00000000e4080000,0x00000000e5100000)
 ParOldGen       total 60416K, used 20031K [0x0000000085000000, 0x0000000088b00000, 0x00000000d7000000)
  object space 60416K, 33% used [0x0000000085000000,0x000000008638fc88,0x0000000088b00000)
 Metaspace       used 34698K, capacity 35264K, committed 35416K, reserved 1079296K
  class space    used 4752K, capacity 4967K, committed 4992K, reserved 1048576K
Event: 11.802 GC heap after
Heap after GC invocations=8 (full 2):
 PSYoungGen      total 227840K, used 0K [0x00000000d7000000, 0x00000000e6200000, 0x0000000100000000)
  eden space 213504K, 0% used [0x00000000d7000000,0x00000000d7000000,0x00000000e4080000)
  from space 14336K, 0% used [0x00000000e5100000,0x00000000e5100000,0x00000000e5f00000)
  to   space 16896K, 0% used [0x00000000e4080000,0x00000000e4080000,0x00000000e5100000)
 ParOldGen       total 86016K, used 21414K [0x0000000085000000, 0x000000008a400000, 0x00000000d7000000)
  object space 86016K, 24% used [0x0000000085000000,0x00000000864e9b58,0x000000008a400000)
 Metaspace       used 34698K, capacity 35264K, committed 35416K, reserved 1079296K
  class space    used 4752K, capacity 4967K, committed 4992K, reserved 1048576K
}
Event: 22.236 GC heap before
{Heap before GC invocations=9 (full 2):
 PSYoungGen      total 227840K, used 213504K [0x00000000d7000000, 0x00000000e6200000, 0x0000000100000000)
  eden space 213504K, 100% used [0x00000000d7000000,0x00000000e4080000,0x00000000e4080000)
  from space 14336K, 0% used [0x00000000e5100000,0x00000000e5100000,0x00000000e5f00000)
  to   space 16896K, 0% used [0x00000000e4080000,0x00000000e4080000,0x00000000e5100000)
 ParOldGen       total 86016K, used 21414K [0x0000000085000000, 0x000000008a400000, 0x00000000d7000000)
  object space 86016K, 24% used [0x0000000085000000,0x00000000864e9b58,0x000000008a400000)
 Metaspace       used 50612K, capacity 51868K, committed 52184K, reserved 1093632K
  class space    used 6950K, capacity 7327K, committed 7424K, reserved 1048576K

